<?xml version="1.0" encoding="UTF-8"?>
<!-- Generated by org.testng.reporters.JUnitReportReporter -->
<testsuite hostname="Laptop-OBS-123" failures="0" tests="6" name="api.test.GuideLineTest" time="20.462" errors="0" timestamp="2023-04-26T17:50:20 IST" skipped="0">
  <testcase classname="api.test.GuideLineTest" name="keyGeneration" time="12.737"/>
  <system-out/>
  <testcase classname="api.test.GuideLineTest" name="toViewAllGuideLine" time="1.282"/>
  <system-out/>
  <testcase classname="api.test.GuideLineTest" name="toCreateGuideLine" time="1.594"/>
  <system-out/>
  <testcase classname="api.test.GuideLineTest" name="toEditGuideLine" time="1.327"/>
  <system-out/>
  <testcase classname="api.test.GuideLineTest" name="toEditUser" time="2.398"/>
  <system-out/>
  <testcase classname="api.test.GuideLineTest" name="toDeleteGuideLine" time="1.124"/>
  <system-out/>
</testsuite> <!-- api.test.GuideLineTest -->
